==18471== Memcheck, a memory error detector
==18471== Copyright (C) 2002-2017, and GNU GPL'd, by Julian Seward et al.
==18471== Using Valgrind-3.13.0 and LibVEX; rerun with -h for copyright info
==18471== Command: keyvalue test1.in test2.in test3.in
==18471== 
keyvalue: 1a=b
a = b
keyvalue: 2key=value
key = value
keyvalue: 3this=is a test
this = is a test
keyvalue: 4this
this = is a test
keyvalue: 5key
key = value
keyvalue: 6a
a = b
keyvalue: 7# $Id: test1.in,v 1.1 2016-06-28 14:48:38-07 - - $
keyvalue: 1key=value
key = value
keyvalue: 2second=third
second = third
keyvalue: 3foo=bar
foo = bar
keyvalue: 4f1=51
f1 = 51
keyvalue: 5f2=52
f2 = 52
keyvalue: 6foobar=baz
foobar = baz
keyvalue: 7baz=quux
baz = quux
keyvalue: 8this=is=a=test
this = is=a=test
keyvalue: 9=
a = b
baz = quux
f1 = 51
f2 = 52
foo = bar
foobar = baz
key = value
second = third
this = is=a=test
keyvalue: 10a=value
a = value
keyvalue: 11b=value
b = value
keyvalue: 12=value
a = value
b = value
key = value
keyvalue: 13# $Id: test2.in,v 1.1 2016-06-28 14:48:38-07 - - $
keyvalue: 1# Comments should be ignored
keyvalue: 2
keyvalue: 3
keyvalue: 4also ignore blank lines
also ignore blank lines: key not found
keyvalue: 5this file contains nonexistent keys
this file contains nonexistent keys: key not found
keyvalue: 6all output should be error messages
all output should be error messages: key not found
keyvalue: 7# $Id: test3.in,v 1.1 2016-06-28 14:48:38-07 - - $
==18471== 
==18471== HEAP SUMMARY:
==18471==     in use at exit: 0 bytes in 0 blocks
==18471==   total heap usage: 30,602 allocs, 30,602 frees, 582,367 bytes allocated
==18471== 
==18471== All heap blocks were freed -- no leaks are possible
==18471== 
==18471== For counts of detected and suppressed errors, rerun with: -v
==18471== ERROR SUMMARY: 0 errors from 0 contexts (suppressed: 0 from 0)
